BluetoothChat-master/app/build/outputs/apk/manifest-merger-debug-report.txt
-- Merging decision tree log ---
manifest
ADDED from AndroidManifest.xml:16:1
	xmlns:android
		ADDED from AndroidManifest.xml:16:11
	package
		ADDED from AndroidManifest.xml:17:7
		INJECTED from AndroidManifest.xml:0:0
		INJECTED from AndroidManifest.xml:0:0
	android:versionName
		ADDED from AndroidManifest.xml:19:7
	android:versionCode
		ADDED from AndroidManifest.xml:18:7
		INJECTED from AndroidManifest.xml:0:0
		INJECTED from AndroidManifest.xml:0:0
uses-sdk
ADDED from AndroidManifest.xml:20:4
	android:targetSdkVersion
		ADDED from AndroidManifest.xml:21:11
		INJECTED from AndroidManifest.xml:0:0
		INJECTED from AndroidManifest.xml:0:0
	android:minSdkVersion
		ADDED from AndroidManifest.xml:20:14
		INJECTED from AndroidManifest.xml:0:0
		INJECTED from AndroidManifest.xml:0:0
	android:maxSdkVersion
		ADDED from AndroidManifest.xml:22:11
uses-permission#android.permission.BLUETOOTH_ADMIN
ADDED from AndroidManifest.xml:23:5
	android:name
		ADDED from AndroidManifest.xml:23:22
uses-permission#android.permission.BLUETOOTH
ADDED from AndroidManifest.xml:24:5
	android:name
		ADDED from AndroidManifest.xml:24:22
application
ADDED from AndroidManifest.xml:26:5
	android:label
		ADDED from AndroidManifest.xml:26:18
	android:icon
		ADDED from AndroidManifest.xml:27:18
activity#com.example.android.BluetoothChat.BluetoothChat
ADDED from AndroidManifest.xml:28:9
	android:label
		ADDED from AndroidManifest.xml:29:19
	android:configChanges
		ADDED from AndroidManifest.xml:30:19
	android:name
		ADDED from AndroidManifest.xml:28:19
intent-filter#android.intent.action.MAIN+android.intent.category.LAUNCHER
ADDED from AndroidManifest.xml:31:13
action#android.intent.action.MAIN
ADDED from AndroidManifest.xml:32:17
	android:name
		ADDED from AndroidManifest.xml:32:25
category#android.intent.category.LAUNCHER
ADDED from AndroidManifest.xml:33:17
	android:name
		ADDED from AndroidManifest.xml:33:27
activity#com.example.android.BluetoothChat.DeviceListActivity
ADDED from AndroidManifest.xml:36:9
	android:label
		ADDED from AndroidManifest.xml:38:14
	android:configChanges
		ADDED from AndroidManifest.xml:40:17
	android:theme
		ADDED from AndroidManifest.xml:39:17
	android:name
		ADDED from AndroidManifest.xml:37:14